L/HIGH):
- C-03: Circuit breaker wired but CircuitBreaker class lacks thread safety (M-30 from original review)
- C-04: Circuit breaker tests expanded (8 tests now) but still missing persistence tests
- C-10: Monte Carlo / anti-overfitting checks not implemented
Minor issues in new code:
1. engine.py:370-376 - Position averaging logic has edge case: when current_qty == 0 and qty_change goes opposite direction, the total_qty calculation is wrong (should use abs(new_qty) not sum of absolutes). Currently:
      total_qty = abs(current_qty) + abs(qty_change)
      Should be:
      if new_qty != 0:
       positions[instrument] = new_qty
       avg_cost_by_instrument[instrument] = fill_price
   
2. paper_executor.py:143-153 - _default_action checks signal.indicators.get("position_side") but Signal class doesn't have indicators attribute by default. Will raise AttributeError if signal has no indicators.
3. iron_condor.py:175-176 - DTE window normalization swaps min/max if misconfigured, but doesn't log a warning. Silent fix could mask config errors.
Test Coverage Improvements
- test_circuit_breaker.py: 8 tests (was 3) - covers state transitions, reset, concurrency
- test_iron_condor.py: DTE entry filter test added
- test_paper_executor.py: Exit order inference tests added
- test_engine.py: Realized/unrealized PnL test, short exit inference test
- test_metrics.py: Configurable RFR test added
- test_store.py: Parquet metadata row count test added
Summary
The fixes are substantial and well-implemented. The remaining critical issue is C-10 (Monte Carlo) which is a new feature requirement rather than a bug fix. The position averaging edge case in engine.py:370-376 should be fixed b