def should_enter_trade(self, market: MarketState) -> Signal | None:
    """
    Iron condor entry decision.
    Every condition is explicit. Every threshold comes from config.
    No magic. No ML. Just rules.
    """
    
    # ── GATE 1: Regime filter ──────────────────────────
    # This is the most important gate. Everything else is secondary.
    if market.regime not in (Regime.LOW_VOL_RANGING, Regime.LOW_VOL_TRENDING):
        return None  # Don't trade. Full stop.
    
    # ── GATE 2: VIX sanity check ───────────────────────
    # Even within the right regime, check VIX isn't at extremes
    if market.vix > self.config.max_entry_vix:          # e.g., 16
        return None
    if market.vix < self.config.min_entry_vix:          # e.g., 9 (too cheap)
        return None
    
    # ── GATE 3: Day of week ────────────────────────────
    # Enter Monday or Tuesday only. Never Wednesday (too close to exit).
    if market.day_of_week not in (0, 1):  # Monday, Tuesday
        return None
    
    # ── GATE 4: Days to expiry ─────────────────────────
    dte = self.calendar.dte(market.date, market.next_weekly_expiry)
    if dte < self.config.min_dte:                       # e.g., 3
        return None
    if dte > self.config.max_dte:                       # e.g., 5
        return None
    
    # ── GATE 5: No existing position ───────────────────
    if self.has_open_iron_condor():
        return None
    
    # ── GATE 6: Circuit breaker ────────────────────────
    if not self.circuit_breaker.can_trade():
        return None
    
    # ── COMPUTE: Strike selection ──────────────────────
    # This is where ATR and Bollinger Bands earn their keep.
    # They don't decide WHETHER to trade — they decide WHERE.
    
    atr = market.atr_14
    spot = market.nifty_close
    
    # Short strikes: place beyond 1.5× ATR from spot
    call_strike = round_to_strike(spot + atr * self.config.atr_multiple)
    put_strike = round_to_strike(spot - atr * self.config.atr_multiple)
    
    # Wing strikes: 100 points beyond short strikes
    call_wing = call_strike + self.config.wing_width    # e.g., 100
    put_wing = put_strike - self.config.wing_width
    
    # ── ADJUST: RSI bias ───────────────────────────────
    # If RSI is high, the market is stretched up — widen call side
    if market.rsi_14 > 65:
        call_strike = round_to_strike(spot + atr * self.config.atr_multiple * 1.2)
        call_wing = call_strike + self.config.wing_width
    elif market.rsi_14 < 35:
        put_strike = round_to_strike(spot - atr * self.config.atr_multiple * 1.2)
        put_wing = put_strike - self.config.wing_width
    
    # ── VALIDATE: Premium check ────────────────────────
    # Don't enter if premium is too thin (not worth the risk)
    estimated_premium = self.estimate_premium(call_strike, put_strike, dte)
    if estimated_premium < self.config.min_premium:     # e.g., ₹15 per unit
        return None
    
    # ── BUILD: Signal ──────────────────────────────────
    return Signal(
        strategy="iron_condor",
        direction="neutral",
        legs=[
            Leg(SELL, CALL, call_strike),
            Leg(BUY,  CALL, call_wing),
            Leg(SELL, PUT,  put_strike),
            Leg(BUY,  PUT,  put_wing),
        ],
        expiry=market.next_weekly_expiry,
        reason=f"Regime={market.regime}, VIX={market.vix:.1f}, "
               f"ATR={atr:.0f}, RSI={market.rsi_14:.0f}, DTE={dte}",
    )
```

That's it. Count the "if" statements — there are about 8 gates. Each one has a clear purpose. Each threshold is in config, not hardcoded. The `reason` field logs exactly why the trade was taken, which is invaluable for review.

## How the Indicators Combine

The key insight is that indicators serve different roles in the decision tree. They're not all equal inputs to a scoring function. They're organized hierarchically:
```
LAYER 1 — Binary gates (yes/no, should I trade at all?)
│
│  Regime check          → Is the market in the right state?
│  Circuit breaker       → Am I within risk limits?
│  Calendar check        → Is it the right day/time?
│  Existing position     → Do I already have a trade on?
│
│  If ANY gate fails → no trade. Period.
│
LAYER 2 — Parameter selection (given I'm trading, HOW?)
│
│  ATR                   → How far away to place strikes
│  Bollinger Band width  → Confirms ATR-based distance
│  Option chain OI       → Where is max pain / support-resistance?
│
│  These shape the trade structure, not the decision to trade.
│
LAYER 3 — Adjustment (fine-tuning the position)
│
│  RSI                   → Skew the condor (widen the stretched side)
│  PCR extreme           → If PCR > 1.3, maybe skip the put side
│  FII flow direction    → Lean the bias slightly
│
│  These are small tweaks, not make-or-break decisions.