python scripts/download_historical.py \
  --symbol NIFTY --symbol BANKNIFTY \
  --start 2022-01-01 --end 2025-12-31 \
  --include-option-chain


python scripts/cleanup_curated_data.py --symbol NIFTY --symbol BANKNIFTY --timeframe 1d --strict
python scripts/data_quality_report.py --dataset candles --strict


python scripts/replay_regime.py \
  --symbol NIFTY --timeframe 1d \
  --start 2022-01-01 --end 2025-12-31 \
  --indicator-warmup-days 60


python scripts/regime_visual_review.py \
  --symbol NIFTY --timeframe 1d \
  --start 2022-01-01 --end 2025-12-31 \
  --indicator-warmup-days 60


python scripts/run_backtest.py \
  --symbol NIFTY --timeframe 1d \
  --from 2022-01-01 --to 2025-12-31 \
  --indicator-warmup-days 60 \
  --strategy baseline_trend --strategy iron_condor

python scripts/run_backtest.py \
  --symbol NIFTY --timeframe 1d \
  --from 2022-01-01 --to 2025-12-31 \
  --indicator-warmup-days 60 \
  --walk-forward \
  --strategy baseline_trend --strategy iron_condor


python scripts/run_vectorbt_research.py \
  --symbol NIFTY --timeframe 1d \
  --from 2022-01-01 --to 2025-12-31 --hybrid
